{"C:\\Users\\noors\\OneDrive\\Desktop\\TEST_PROJECT\\src\\functions\\add.js": {"path":"C:\\Users\\noors\\OneDrive\\Desktop\\TEST_PROJECT\\src\\functions\\add.js","statementMap":{"0":{"start":{"line":2,"column":4},"end":{"line":2,"column":16}},"1":{"start":{"line":4,"column":0},"end":{"line":4,"column":21}}},"fnMap":{"0":{"name":"add","decl":{"start":{"line":1,"column":9},"end":{"line":1,"column":12}},"loc":{"start":{"line":1,"column":17},"end":{"line":3,"column":1}},"line":1}},"branchMap":{},"s":{"0":3,"1":1},"f":{"0":3},"b":{},"_coverageSchema":"1a1c01bbd47fc00a2c39e90264f33305004495a9","hash":"9b2975abdd5b159d4137379053c3548ecfc0a9dd"}
,"C:\\Users\\noors\\OneDrive\\Desktop\\TEST_PROJECT\\src\\functions\\fetchData.js": {"path":"C:\\Users\\noors\\OneDrive\\Desktop\\TEST_PROJECT\\src\\functions\\fetchData.js","statementMap":{"0":{"start":{"line":2,"column":4},"end":{"line":12,"column":5}},"1":{"start":{"line":3,"column":25},"end":{"line":3,"column":41}},"2":{"start":{"line":4,"column":8},"end":{"line":6,"column":9}},"3":{"start":{"line":5,"column":12},"end":{"line":5,"column":57}},"4":{"start":{"line":7,"column":21},"end":{"line":7,"column":36}},"5":{"start":{"line":8,"column":8},"end":{"line":8,"column":20}},"6":{"start":{"line":10,"column":8},"end":{"line":10,"column":53}},"7":{"start":{"line":15,"column":0},"end":{"line":15,"column":26}}},"fnMap":{"0":{"name":"fetchData","decl":{"start":{"line":1,"column":15},"end":{"line":1,"column":24}},"loc":{"start":{"line":1,"column":30},"end":{"line":13,"column":1}},"line":1}},"branchMap":{"0":{"loc":{"start":{"line":4,"column":8},"end":{"line":6,"column":9}},"type":"if","locations":[{"start":{"line":4,"column":8},"end":{"line":6,"column":9}},{"start":{},"end":{}}],"line":4}},"s":{"0":2,"1":2,"2":2,"3":1,"4":1,"5":1,"6":1,"7":1},"f":{"0":2},"b":{"0":[1,1]},"_coverageSchema":"1a1c01bbd47fc00a2c39e90264f33305004495a9","hash":"d7e2a7d416dff7b4bb092957edbebcb38c1c0bc5"}
,"C:\\Users\\noors\\OneDrive\\Desktop\\TEST_PROJECT\\src\\functions\\getUser.js": {"path":"C:\\Users\\noors\\OneDrive\\Desktop\\TEST_PROJECT\\src\\functions\\getUser.js","statementMap":{"0":{"start":{"line":2,"column":4},"end":{"line":2,"column":35}},"1":{"start":{"line":4,"column":0},"end":{"line":4,"column":38}}},"fnMap":{"0":{"name":"getUserFromDatabase","decl":{"start":{"line":1,"column":9},"end":{"line":1,"column":28}},"loc":{"start":{"line":1,"column":33},"end":{"line":3,"column":1}},"line":1}},"branchMap":{},"s":{"0":1,"1":1},"f":{"0":1},"b":{},"_coverageSchema":"1a1c01bbd47fc00a2c39e90264f33305004495a9","hash":"1182e9674832550cb768d590db430b2bcc4429bf"}
,"C:\\Users\\noors\\OneDrive\\Desktop\\TEST_PROJECT\\src\\functions\\userModel.js": {"path":"C:\\Users\\noors\\OneDrive\\Desktop\\TEST_PROJECT\\src\\functions\\userModel.js","statementMap":{"0":{"start":{"line":1,"column":17},"end":{"line":1,"column":36}},"1":{"start":{"line":3,"column":19},"end":{"line":8,"column":2}},"2":{"start":{"line":10,"column":13},"end":{"line":10,"column":47}},"3":{"start":{"line":12,"column":19},"end":{"line":20,"column":1}},"4":{"start":{"line":13,"column":4},"end":{"line":19,"column":5}},"5":{"start":{"line":14,"column":21},"end":{"line":14,"column":61}},"6":{"start":{"line":15,"column":8},"end":{"line":15,"column":26}},"7":{"start":{"line":16,"column":8},"end":{"line":16,"column":20}},"8":{"start":{"line":18,"column":8},"end":{"line":18,"column":51}},"9":{"start":{"line":22,"column":0},"end":{"line":22,"column":36}}},"fnMap":{"0":{"name":"(anonymous_0)","decl":{"start":{"line":12,"column":19},"end":{"line":12,"column":20}},"loc":{"start":{"line":12,"column":57},"end":{"line":20,"column":1}},"line":12}},"branchMap":{},"s":{"0":1,"1":1,"2":1,"3":1,"4":1,"5":1,"6":1,"7":1,"8":0,"9":1},"f":{"0":1},"b":{},"_coverageSchema":"1a1c01bbd47fc00a2c39e90264f33305004495a9","hash":"74e1f1d5a1889e3e10deacf0a3bf697dfdacf235"}
,"C:\\Users\\noors\\OneDrive\\Desktop\\TEST_PROJECT\\src\\functions\\userUtils.js": {"path":"C:\\Users\\noors\\OneDrive\\Desktop\\TEST_PROJECT\\src\\functions\\userUtils.js","statementMap":{"0":{"start":{"line":4,"column":4},"end":{"line":6,"column":5}},"1":{"start":{"line":5,"column":8},"end":{"line":5,"column":45}},"2":{"start":{"line":7,"column":4},"end":{"line":7,"column":48}},"3":{"start":{"line":12,"column":4},"end":{"line":19,"column":5}},"4":{"start":{"line":18,"column":8},"end":{"line":18,"column":40}},"5":{"start":{"line":21,"column":15},"end":{"line":21,"column":38}},"6":{"start":{"line":24,"column":4},"end":{"line":28,"column":5}},"7":{"start":{"line":25,"column":8},"end":{"line":25,"column":46}},"8":{"start":{"line":27,"column":8},"end":{"line":27,"column":19}},"9":{"start":{"line":33,"column":4},"end":{"line":35,"column":5}},"10":{"start":{"line":34,"column":8},"end":{"line":34,"column":45}},"11":{"start":{"line":36,"column":4},"end":{"line":36,"column":81}},"12":{"start":{"line":39,"column":0},"end":{"line":43,"column":1}}},"fnMap":{"0":{"name":"getUserFullName","decl":{"start":{"line":3,"column":9},"end":{"line":3,"column":24}},"loc":{"start":{"line":3,"column":30},"end":{"line":8,"column":1}},"line":3},"1":{"name":"calculateAge","decl":{"start":{"line":10,"column":9},"end":{"line":10,"column":21}},"loc":{"start":{"line":10,"column":45},"end":{"line":29,"column":1}},"line":10},"2":{"name":"getUserInitials","decl":{"start":{"line":32,"column":9},"end":{"line":32,"column":24}},"loc":{"start":{"line":32,"column":30},"end":{"line":37,"column":1}},"line":32}},"branchMap":{"0":{"loc":{"start":{"line":4,"column":4},"end":{"line":6,"column":5}},"type":"if","locations":[{"start":{"line":4,"column":4},"end":{"line":6,"column":5}},{"start":{},"end":{}}],"line":4},"1":{"loc":{"start":{"line":4,"column":7},"end":{"line":4,"column":49}},"type":"binary-expr","locations":[{"start":{"line":4,"column":7},"end":{"line":4,"column":12}},{"start":{"line":4,"column":16},"end":{"line":4,"column":31}},{"start":{"line":4,"column":35},"end":{"line":4,"column":49}}],"line":4},"2":{"loc":{"start":{"line":12,"column":4},"end":{"line":19,"column":5}},"type":"if","locations":[{"start":{"line":12,"column":4},"end":{"line":19,"column":5}},{"start":{},"end":{}}],"line":12},"3":{"loc":{"start":{"line":13,"column":8},"end":{"line":16,"column":29}},"type":"binary-expr","locations":[{"start":{"line":13,"column":8},"end":{"line":13,"column":24}},{"start":{"line":14,"column":8},"end":{"line":14,"column":26}},{"start":{"line":15,"column":8},"end":{"line":15,"column":27}},{"start":{"line":16,"column":8},"end":{"line":16,"column":29}}],"line":13},"4":{"loc":{"start":{"line":24,"column":4},"end":{"line":28,"column":5}},"type":"if","locations":[{"start":{"line":24,"column":4},"end":{"line":28,"column":5}},{"start":{"line":26,"column":11},"end":{"line":28,"column":5}}],"line":24},"5":{"loc":{"start":{"line":24,"column":7},"end":{"line":24,"column":28}},"type":"binary-expr","locations":[{"start":{"line":24,"column":7},"end":{"line":24,"column":15}},{"start":{"line":24,"column":19},"end":{"line":24,"column":28}}],"line":24},"6":{"loc":{"start":{"line":33,"column":4},"end":{"line":35,"column":5}},"type":"if","locations":[{"start":{"line":33,"column":4},"end":{"line":35,"column":5}},{"start":{},"end":{}}],"line":33},"7":{"loc":{"start":{"line":33,"column":7},"end":{"line":33,"column":49}},"type":"binary-expr","locations":[{"start":{"line":33,"column":7},"end":{"line":33,"column":12}},{"start":{"line":33,"column":16},"end":{"line":33,"column":31}},{"start":{"line":33,"column":35},"end":{"line":33,"column":49}}],"line":33}},"s":{"0":2,"1":1,"2":1,"3":2,"4":1,"5":1,"6":1,"7":0,"8":1,"9":0,"10":0,"11":0,"12":1},"f":{"0":2,"1":2,"2":0},"b":{"0":[1,1],"1":[2,2,2],"2":[1,1],"3":[2,2,2,1],"4":[0,1],"5":[1,1],"6":[0,0],"7":[0,0,0]},"_coverageSchema":"1a1c01bbd47fc00a2c39e90264f33305004495a9","hash":"238d06bd05afdc869f8a366b84b6b4c07c014a25"}
}
