TN:
SF:src\functions\add.js
FN:1,add
FNF:1
FNH:1
FNDA:3,add
DA:2,3
DA:4,1
LF:2
LH:2
BRF:0
BRH:0
end_of_record
TN:
SF:src\functions\api.js
FN:1,fetchData
FNF:1
FNH:0
FNDA:0,fetchData
DA:2,0
DA:3,0
DA:5,1
LF:3
LH:1
BRF:0
BRH:0
end_of_record
TN:
SF:src\functions\fetchData.js
FN:1,fetchData
FNF:1
FNH:1
FNDA:2,fetchData
DA:2,2
DA:3,2
DA:4,2
DA:5,1
DA:7,1
DA:8,1
DA:10,1
DA:15,1
LF:8
LH:8
BRDA:4,0,0,1
BRDA:4,0,1,1
BRF:2
BRH:2
end_of_record
TN:
SF:src\functions\getUser.js
FN:1,getUserFromDatabase
FNF:1
FNH:1
FNDA:1,getUserFromDatabase
DA:2,1
DA:4,1
LF:2
LH:2
BRF:0
BRH:0
end_of_record
TN:
SF:src\functions\userModel.js
FN:12,(anonymous_0)
FNF:1
FNH:1
FNDA:1,(anonymous_0)
DA:1,1
DA:3,1
DA:10,1
DA:12,1
DA:13,1
DA:14,1
DA:15,1
DA:16,1
DA:18,0
DA:22,1
LF:10
LH:9
BRF:0
BRH:0
end_of_record
TN:
SF:src\functions\userUtils.js
FN:3,getUserFullName
FN:10,calculateAge
FN:32,getUserInitials
FNF:3
FNH:2
FNDA:2,getUserFullName
FNDA:2,calculateAge
FNDA:0,getUserInitials
DA:4,2
DA:5,1
DA:7,1
DA:12,2
DA:18,1
DA:21,1
DA:24,1
DA:25,0
DA:27,1
DA:33,0
DA:34,0
DA:36,0
DA:39,1
LF:13
LH:9
BRDA:4,0,0,1
BRDA:4,0,1,1
BRDA:4,1,0,2
BRDA:4,1,1,2
BRDA:4,1,2,2
BRDA:12,2,0,1
BRDA:12,2,1,1
BRDA:13,3,0,2
BRDA:13,3,1,2
BRDA:13,3,2,2
BRDA:13,3,3,1
BRDA:24,4,0,0
BRDA:24,4,1,1
BRDA:24,5,0,1
BRDA:24,5,1,1
BRDA:33,6,0,0
BRDA:33,6,1,0
BRDA:33,7,0,0
BRDA:33,7,1,0
BRDA:33,7,2,0
BRF:20
BRH:14
end_of_record
